app/build/outputs/logs/manifest-merger-debug-report.txt
-- Merging decision tree log ---
manifest
ADDED from src\main\AndroidManifest.xml:2:1-28:12
	package
		ADDED from src\main\AndroidManifest.xml:3:5-45
		INJECTED from src\main\AndroidManifest.xml
		INJECTED from src\main\AndroidManifest.xml
	android:versionName
		INJECTED from src\main\AndroidManifest.xml
		INJECTED from src\main\AndroidManifest.xml
	xmlns:android
		ADDED from src\main\AndroidManifest.xml:2:11-69
	android:versionCode
		INJECTED from src\main\AndroidManifest.xml
		INJECTED from src\main\AndroidManifest.xml
uses-permission#android.permission.INTERNET
ADDED from src\main\AndroidManifest.xml:4:5-66
MERGED from [com.spotify.sdk:spotify-android-auth:1.0.0] AndroidManifest.xml:31:5-67
	android:name
		ADDED from src\main\AndroidManifest.xml:4:22-64
application
ADDED from src\main\AndroidManifest.xml:5:5-26:19
MERGED from [com.spotify.sdk:spotify-android-auth:1.0.0] AndroidManifest.xml:33:5-54:19
MERGED from [com.spotify.sdk:spotify-player-24-noconnect:2.20b] AndroidManifest.xml:30:5-20
MERGED from [com.android.support:appcompat-v7:23.4.0] AndroidManifest.xml:25:5-20
MERGED from [com.android.support:animated-vector-drawable:23.4.0] AndroidManifest.xml:7:5-20
MERGED from [com.android.support:support-vector-drawable:23.4.0] AndroidManifest.xml:7:5-20
MERGED from [com.android.support:support-v4:23.4.0] AndroidManifest.xml:22:5-20
	android:label
		ADDED from src\main\AndroidManifest.xml:8:9-41
	android:supportsRtl
		ADDED from src\main\AndroidManifest.xml:9:9-35
	android:allowBackup
		ADDED from src\main\AndroidManifest.xml:6:9-35
	android:icon
		ADDED from src\main\AndroidManifest.xml:7:9-43
	android:theme
		ADDED from src\main\AndroidManifest.xml:10:9-40
activity#com.example.kdotz.myspotifyapp.MainActivity
ADDED from src\main\AndroidManifest.xml:11:9-19:20
	android:label
		ADDED from src\main\AndroidManifest.xml:13:13-45
	android:name
		ADDED from src\main\AndroidManifest.xml:12:13-41
intent-filter#android.intent.action.MAIN+android.intent.category.LAUNCHER
ADDED from src\main\AndroidManifest.xml:14:13-18:29
action#android.intent.action.MAIN
ADDED from src\main\AndroidManifest.xml:15:17-69
	android:name
		ADDED from src\main\AndroidManifest.xml:15:25-66
category#android.intent.category.LAUNCHER
ADDED from src\main\AndroidManifest.xml:17:17-77
	android:name
		ADDED from src\main\AndroidManifest.xml:17:27-74
activity#com.spotify.sdk.android.authentication.LoginActivity
ADDED from src\main\AndroidManifest.xml:22:9-24:74
MERGED from [com.spotify.sdk:spotify-android-auth:1.0.0] AndroidManifest.xml:49:9-53:20
	android:launchMode
		ADDED from [com.spotify.sdk:spotify-android-auth:1.0.0] AndroidManifest.xml:51:13-48
	android:theme
		ADDED from src\main\AndroidManifest.xml:24:13-72
	android:name
		ADDED from src\main\AndroidManifest.xml:23:13-80
uses-sdk
INJECTED from src\main\AndroidManifest.xml reason: use-sdk injection requested
MERGED from [com.spotify.sdk:spotify-android-auth:1.0.0] AndroidManifest.xml:27:5-29:41
MERGED from [com.spotify.sdk:spotify-player-24-noconnect:2.20b] AndroidManifest.xml:26:5-28:41
MERGED from [com.android.support:appcompat-v7:23.4.0] AndroidManifest.xml:21:5-23:78
MERGED from [com.android.support:animated-vector-drawable:23.4.0] AndroidManifest.xml:5:5-44
MERGED from [com.android.support:support-vector-drawable:23.4.0] AndroidManifest.xml:5:5-43
MERGED from [com.android.support:support-v4:23.4.0] AndroidManifest.xml:20:5-43
	tools:overrideLibrary
		ADDED from [com.android.support:appcompat-v7:23.4.0] AndroidManifest.xml:23:9-75
	android:targetSdkVersion
		INJECTED from src\main\AndroidManifest.xml
		INJECTED from src\main\AndroidManifest.xml
	android:minSdkVersion
		INJECTED from src\main\AndroidManifest.xml
		INJECTED from src\main\AndroidManifest.xml
activity#com.spotify.sdk.android.authentication.AuthCallbackActivity
ADDED from [com.spotify.sdk:spotify-android-auth:1.0.0] AndroidManifest.xml:34:9-48:20
	android:exported
		ADDED from [com.spotify.sdk:spotify-android-auth:1.0.0] AndroidManifest.xml:36:13-36
	android:theme
		ADDED from [com.spotify.sdk:spotify-android-auth:1.0.0] AndroidManifest.xml:37:13-72
	android:name
		ADDED from [com.spotify.sdk:spotify-android-auth:1.0.0] AndroidManifest.xml:35:13-87
intent-filter#android.intent.action.VIEW+android.intent.category.BROWSABLE+android.intent.category.DEFAULT
ADDED from [com.spotify.sdk:spotify-android-auth:1.0.0] AndroidManifest.xml:38:13-47:29
action#android.intent.action.VIEW
ADDED from [com.spotify.sdk:spotify-android-auth:1.0.0] AndroidManifest.xml:39:17-69
	android:name
		ADDED from [com.spotify.sdk:spotify-android-auth:1.0.0] AndroidManifest.xml:39:25-66
category#android.intent.category.DEFAULT
ADDED from [com.spotify.sdk:spotify-android-auth:1.0.0] AndroidManifest.xml:41:17-76
	android:name
		ADDED from [com.spotify.sdk:spotify-android-auth:1.0.0] AndroidManifest.xml:41:27-73
category#android.intent.category.BROWSABLE
ADDED from [com.spotify.sdk:spotify-android-auth:1.0.0] AndroidManifest.xml:42:17-78
	android:name
		ADDED from [com.spotify.sdk:spotify-android-auth:1.0.0] AndroidManifest.xml:42:27-75
data
ADDED from [com.spotify.sdk:spotify-android-auth:1.0.0] AndroidManifest.xml:44:17-46:80
	android:host
		ADDED from [com.spotify.sdk:spotify-android-auth:1.0.0] AndroidManifest.xml:45:21-73
	android:scheme
		ADDED from [com.spotify.sdk:spotify-android-auth:1.0.0] AndroidManifest.xml:46:21-77